[0.162s] Invoking command in '/home/harshitkalra/autonoumous_pick-place_bot/build/robot_interfaces': CMAKE_PREFIX_PATH=${CMAKE_PREFIX_PATH}:/home/harshitkalra/ros2_ws/install/turtle_catch_them_all:/home/harshitkalra/ros2_ws/install/robot_controller:/home/harshitkalra/ros2_ws/install/my_py_pkg:/home/harshitkalra/ros2_multi_bot_ws/install/spawning:/opt/ros/humble /usr/bin/cmake /home/harshitkalra/autonoumous_pick-place_bot/src/robot_interfaces -DCMAKE_INSTALL_PREFIX=/home/harshitkalra/autonoumous_pick-place_bot/install/robot_interfaces
[0.232s] -- The C compiler identification is GNU 11.4.0
[0.300s] -- The CXX compiler identification is GNU 11.4.0
[0.307s] -- Detecting C compiler ABI info
[0.370s] -- Detecting C compiler ABI info - done
[0.378s] -- Check for working C compiler: /usr/bin/cc - skipped
[0.378s] -- Detecting C compile features
[0.378s] -- Detecting C compile features - done
[0.381s] -- Detecting CXX compiler ABI info
[0.447s] -- Detecting CXX compiler ABI info - done
[0.452s] -- Check for working CXX compiler: /usr/bin/c++ - skipped
[0.452s] -- Detecting CXX compile features
[0.452s] -- Detecting CXX compile features - done
[0.455s] -- Found ament_cmake: 1.3.11 (/opt/ros/humble/share/ament_cmake/cmake)
[0.600s] -- Found Python3: /usr/bin/python3 (found version "3.10.12") found components: Interpreter 
[0.691s] -- Found ament_lint_auto: 0.12.11 (/opt/ros/humble/share/ament_lint_auto/cmake)
[0.763s] -- Added test 'lint_cmake' to check CMake code style
[0.765s] -- Added test 'xmllint' to check XML markup files
[0.766s] -- Configuring done
[0.767s] -- Generating done
[0.768s] -- Build files have been written to: /home/harshitkalra/autonoumous_pick-place_bot/build/robot_interfaces
[0.771s] Invoked command in '/home/harshitkalra/autonoumous_pick-place_bot/build/robot_interfaces' returned '0': CMAKE_PREFIX_PATH=${CMAKE_PREFIX_PATH}:/home/harshitkalra/ros2_ws/install/turtle_catch_them_all:/home/harshitkalra/ros2_ws/install/robot_controller:/home/harshitkalra/ros2_ws/install/my_py_pkg:/home/harshitkalra/ros2_multi_bot_ws/install/spawning:/opt/ros/humble /usr/bin/cmake /home/harshitkalra/autonoumous_pick-place_bot/src/robot_interfaces -DCMAKE_INSTALL_PREFIX=/home/harshitkalra/autonoumous_pick-place_bot/install/robot_interfaces
[0.773s] Invoking command in '/home/harshitkalra/autonoumous_pick-place_bot/build/robot_interfaces': CMAKE_PREFIX_PATH=${CMAKE_PREFIX_PATH}:/home/harshitkalra/ros2_ws/install/turtle_catch_them_all:/home/harshitkalra/ros2_ws/install/robot_controller:/home/harshitkalra/ros2_ws/install/my_py_pkg:/home/harshitkalra/ros2_multi_bot_ws/install/spawning:/opt/ros/humble /usr/bin/cmake --build /home/harshitkalra/autonoumous_pick-place_bot/build/robot_interfaces -- -j12 -l12
[0.810s] Invoked command in '/home/harshitkalra/autonoumous_pick-place_bot/build/robot_interfaces' returned '0': CMAKE_PREFIX_PATH=${CMAKE_PREFIX_PATH}:/home/harshitkalra/ros2_ws/install/turtle_catch_them_all:/home/harshitkalra/ros2_ws/install/robot_controller:/home/harshitkalra/ros2_ws/install/my_py_pkg:/home/harshitkalra/ros2_multi_bot_ws/install/spawning:/opt/ros/humble /usr/bin/cmake --build /home/harshitkalra/autonoumous_pick-place_bot/build/robot_interfaces -- -j12 -l12
[0.819s] Invoking command in '/home/harshitkalra/autonoumous_pick-place_bot/build/robot_interfaces': CMAKE_PREFIX_PATH=${CMAKE_PREFIX_PATH}:/home/harshitkalra/ros2_ws/install/turtle_catch_them_all:/home/harshitkalra/ros2_ws/install/robot_controller:/home/harshitkalra/ros2_ws/install/my_py_pkg:/home/harshitkalra/ros2_multi_bot_ws/install/spawning:/opt/ros/humble /usr/bin/cmake --install /home/harshitkalra/autonoumous_pick-place_bot/build/robot_interfaces
[0.824s] -- Install configuration: ""
[0.824s] -- Installing: /home/harshitkalra/autonoumous_pick-place_bot/install/robot_interfaces/share/ament_index/resource_index/package_run_dependencies/robot_interfaces
[0.824s] -- Installing: /home/harshitkalra/autonoumous_pick-place_bot/install/robot_interfaces/share/ament_index/resource_index/parent_prefix_path/robot_interfaces
[0.824s] -- Installing: /home/harshitkalra/autonoumous_pick-place_bot/install/robot_interfaces/share/robot_interfaces/environment/ament_prefix_path.sh
[0.824s] -- Installing: /home/harshitkalra/autonoumous_pick-place_bot/install/robot_interfaces/share/robot_interfaces/environment/ament_prefix_path.dsv
[0.824s] -- Installing: /home/harshitkalra/autonoumous_pick-place_bot/install/robot_interfaces/share/robot_interfaces/environment/path.sh
[0.825s] -- Installing: /home/harshitkalra/autonoumous_pick-place_bot/install/robot_interfaces/share/robot_interfaces/environment/path.dsv
[0.825s] -- Installing: /home/harshitkalra/autonoumous_pick-place_bot/install/robot_interfaces/share/robot_interfaces/local_setup.bash
[0.825s] -- Installing: /home/harshitkalra/autonoumous_pick-place_bot/install/robot_interfaces/share/robot_interfaces/local_setup.sh
[0.825s] -- Installing: /home/harshitkalra/autonoumous_pick-place_bot/install/robot_interfaces/share/robot_interfaces/local_setup.zsh
[0.825s] -- Installing: /home/harshitkalra/autonoumous_pick-place_bot/install/robot_interfaces/share/robot_interfaces/local_setup.dsv
[0.825s] -- Installing: /home/harshitkalra/autonoumous_pick-place_bot/install/robot_interfaces/share/robot_interfaces/package.dsv
[0.825s] -- Installing: /home/harshitkalra/autonoumous_pick-place_bot/install/robot_interfaces/share/ament_index/resource_index/packages/robot_interfaces
[0.825s] -- Installing: /home/harshitkalra/autonoumous_pick-place_bot/install/robot_interfaces/share/robot_interfaces/cmake/robot_interfacesConfig.cmake
[0.825s] -- Installing: /home/harshitkalra/autonoumous_pick-place_bot/install/robot_interfaces/share/robot_interfaces/cmake/robot_interfacesConfig-version.cmake
[0.825s] -- Installing: /home/harshitkalra/autonoumous_pick-place_bot/install/robot_interfaces/share/robot_interfaces/package.xml
[0.827s] Invoked command in '/home/harshitkalra/autonoumous_pick-place_bot/build/robot_interfaces' returned '0': CMAKE_PREFIX_PATH=${CMAKE_PREFIX_PATH}:/home/harshitkalra/ros2_ws/install/turtle_catch_them_all:/home/harshitkalra/ros2_ws/install/robot_controller:/home/harshitkalra/ros2_ws/install/my_py_pkg:/home/harshitkalra/ros2_multi_bot_ws/install/spawning:/opt/ros/humble /usr/bin/cmake --install /home/harshitkalra/autonoumous_pick-place_bot/build/robot_interfaces
