[0.151s] Invoking command in '/home/harshitkalra/autonoumous_pick-place_bot/build/robot_description': CMAKE_PREFIX_PATH=${CMAKE_PREFIX_PATH}:/home/harshitkalra/ros2_ws/install/turtle_catch_them_all:/home/harshitkalra/ros2_ws/install/robot_controller:/home/harshitkalra/ros2_ws/install/my_py_pkg:/home/harshitkalra/ros2_multi_bot_ws/install/spawning:/opt/ros/humble /usr/bin/cmake --build /home/harshitkalra/autonoumous_pick-place_bot/build/robot_description -- -j12 -l12
[0.182s] Invoked command in '/home/harshitkalra/autonoumous_pick-place_bot/build/robot_description' returned '0': CMAKE_PREFIX_PATH=${CMAKE_PREFIX_PATH}:/home/harshitkalra/ros2_ws/install/turtle_catch_them_all:/home/harshitkalra/ros2_ws/install/robot_controller:/home/harshitkalra/ros2_ws/install/my_py_pkg:/home/harshitkalra/ros2_multi_bot_ws/install/spawning:/opt/ros/humble /usr/bin/cmake --build /home/harshitkalra/autonoumous_pick-place_bot/build/robot_description -- -j12 -l12
[0.192s] Invoking command in '/home/harshitkalra/autonoumous_pick-place_bot/build/robot_description': CMAKE_PREFIX_PATH=${CMAKE_PREFIX_PATH}:/home/harshitkalra/ros2_ws/install/turtle_catch_them_all:/home/harshitkalra/ros2_ws/install/robot_controller:/home/harshitkalra/ros2_ws/install/my_py_pkg:/home/harshitkalra/ros2_multi_bot_ws/install/spawning:/opt/ros/humble /usr/bin/cmake --install /home/harshitkalra/autonoumous_pick-place_bot/build/robot_description
[0.198s] -- Install configuration: ""
[0.198s] -- Up-to-date: /home/harshitkalra/autonoumous_pick-place_bot/install/robot_description/share/robot_description/urdf
[0.198s] -- Up-to-date: /home/harshitkalra/autonoumous_pick-place_bot/install/robot_description/share/robot_description/urdf/mobile_base_gazebo.xacro
[0.198s] -- Installing: /home/harshitkalra/autonoumous_pick-place_bot/install/robot_description/share/robot_description/urdf/mobile_base.xacro
[0.198s] -- Up-to-date: /home/harshitkalra/autonoumous_pick-place_bot/install/robot_description/share/robot_description/urdf/common_properties.xacro
[0.200s] -- Up-to-date: /home/harshitkalra/autonoumous_pick-place_bot/install/robot_description/share/ament_index/resource_index/package_run_dependencies/robot_description
[0.200s] -- Up-to-date: /home/harshitkalra/autonoumous_pick-place_bot/install/robot_description/share/ament_index/resource_index/parent_prefix_path/robot_description
[0.200s] -- Up-to-date: /home/harshitkalra/autonoumous_pick-place_bot/install/robot_description/share/robot_description/environment/ament_prefix_path.sh
[0.200s] -- Up-to-date: /home/harshitkalra/autonoumous_pick-place_bot/install/robot_description/share/robot_description/environment/ament_prefix_path.dsv
[0.201s] -- Up-to-date: /home/harshitkalra/autonoumous_pick-place_bot/install/robot_description/share/robot_description/environment/path.sh
[0.201s] -- Up-to-date: /home/harshitkalra/autonoumous_pick-place_bot/install/robot_description/share/robot_description/environment/path.dsv
[0.201s] -- Up-to-date: /home/harshitkalra/autonoumous_pick-place_bot/install/robot_description/share/robot_description/local_setup.bash
[0.201s] -- Up-to-date: /home/harshitkalra/autonoumous_pick-place_bot/install/robot_description/share/robot_description/local_setup.sh
[0.201s] -- Up-to-date: /home/harshitkalra/autonoumous_pick-place_bot/install/robot_description/share/robot_description/local_setup.zsh
[0.201s] -- Up-to-date: /home/harshitkalra/autonoumous_pick-place_bot/install/robot_description/share/robot_description/local_setup.dsv
[0.201s] -- Installing: /home/harshitkalra/autonoumous_pick-place_bot/install/robot_description/share/robot_description/package.dsv
[0.201s] -- Up-to-date: /home/harshitkalra/autonoumous_pick-place_bot/install/robot_description/share/ament_index/resource_index/packages/robot_description
[0.201s] -- Up-to-date: /home/harshitkalra/autonoumous_pick-place_bot/install/robot_description/share/robot_description/cmake/robot_descriptionConfig.cmake
[0.201s] -- Up-to-date: /home/harshitkalra/autonoumous_pick-place_bot/install/robot_description/share/robot_description/cmake/robot_descriptionConfig-version.cmake
[0.201s] -- Up-to-date: /home/harshitkalra/autonoumous_pick-place_bot/install/robot_description/share/robot_description/package.xml
[0.216s] Invoked command in '/home/harshitkalra/autonoumous_pick-place_bot/build/robot_description' returned '0': CMAKE_PREFIX_PATH=${CMAKE_PREFIX_PATH}:/home/harshitkalra/ros2_ws/install/turtle_catch_them_all:/home/harshitkalra/ros2_ws/install/robot_controller:/home/harshitkalra/ros2_ws/install/my_py_pkg:/home/harshitkalra/ros2_multi_bot_ws/install/spawning:/opt/ros/humble /usr/bin/cmake --install /home/harshitkalra/autonoumous_pick-place_bot/build/robot_description
