[0.356s] Invoking command in '/home/slok/autonoumous_pick-place_bot/src/robot_controller': PYTHONPATH=/home/slok/autonoumous_pick-place_bot/build/robot_controller/prefix_override:/usr/lib/python3/dist-packages/colcon_core/task/python/colcon_distutils_commands:/home/slok/autonoumous_pick-place_bot/install/robot_controller/lib/python3.10/site-packages:${PYTHONPATH} /usr/bin/python3 -W ignore:setup.py install is deprecated -W ignore:easy_install command is deprecated setup.py egg_info --egg-base ../../build/robot_controller build --build-base /home/slok/autonoumous_pick-place_bot/build/robot_controller/build install --record /home/slok/autonoumous_pick-place_bot/build/robot_controller/install.log --single-version-externally-managed install_data
[0.478s] running egg_info
[0.479s] creating ../../build/robot_controller/robot_controller.egg-info
[0.479s] writing ../../build/robot_controller/robot_controller.egg-info/PKG-INFO
[0.479s] writing dependency_links to ../../build/robot_controller/robot_controller.egg-info/dependency_links.txt
[0.479s] writing entry points to ../../build/robot_controller/robot_controller.egg-info/entry_points.txt
[0.479s] writing requirements to ../../build/robot_controller/robot_controller.egg-info/requires.txt
[0.479s] writing top-level names to ../../build/robot_controller/robot_controller.egg-info/top_level.txt
[0.479s] writing manifest file '../../build/robot_controller/robot_controller.egg-info/SOURCES.txt'
[0.481s] reading manifest file '../../build/robot_controller/robot_controller.egg-info/SOURCES.txt'
[0.481s] writing manifest file '../../build/robot_controller/robot_controller.egg-info/SOURCES.txt'
[0.481s] running build
[0.481s] running build_py
[0.481s] creating /home/slok/autonoumous_pick-place_bot/build/robot_controller/build
[0.482s] creating /home/slok/autonoumous_pick-place_bot/build/robot_controller/build/lib
[0.482s] creating /home/slok/autonoumous_pick-place_bot/build/robot_controller/build/lib/robot_controller
[0.482s] copying robot_controller/__init__.py -> /home/slok/autonoumous_pick-place_bot/build/robot_controller/build/lib/robot_controller
[0.482s] running install
[0.482s] running install_lib
[0.482s] creating /home/slok/autonoumous_pick-place_bot/install/robot_controller/lib/python3.10/site-packages/robot_controller
[0.482s] copying /home/slok/autonoumous_pick-place_bot/build/robot_controller/build/lib/robot_controller/__init__.py -> /home/slok/autonoumous_pick-place_bot/install/robot_controller/lib/python3.10/site-packages/robot_controller
[0.482s] byte-compiling /home/slok/autonoumous_pick-place_bot/install/robot_controller/lib/python3.10/site-packages/robot_controller/__init__.py to __init__.cpython-310.pyc
[0.482s] running install_data
[0.482s] creating /home/slok/autonoumous_pick-place_bot/install/robot_controller/share/ament_index
[0.482s] creating /home/slok/autonoumous_pick-place_bot/install/robot_controller/share/ament_index/resource_index
[0.483s] creating /home/slok/autonoumous_pick-place_bot/install/robot_controller/share/ament_index/resource_index/packages
[0.483s] copying resource/robot_controller -> /home/slok/autonoumous_pick-place_bot/install/robot_controller/share/ament_index/resource_index/packages
[0.483s] copying package.xml -> /home/slok/autonoumous_pick-place_bot/install/robot_controller/share/robot_controller
[0.483s] creating /home/slok/autonoumous_pick-place_bot/install/robot_controller/share/robot_controller/launch
[0.483s] creating /home/slok/autonoumous_pick-place_bot/install/robot_controller/share/robot_controller/urdf
[0.483s] creating /home/slok/autonoumous_pick-place_bot/install/robot_controller/share/robot_controller/worlds
[0.483s] creating /home/slok/autonoumous_pick-place_bot/install/robot_controller/share/robot_controller/models
[0.483s] running install_egg_info
[0.484s] Copying ../../build/robot_controller/robot_controller.egg-info to /home/slok/autonoumous_pick-place_bot/install/robot_controller/lib/python3.10/site-packages/robot_controller-0.0.0-py3.10.egg-info
[0.484s] running install_scripts
[0.495s] writing list of installed files to '/home/slok/autonoumous_pick-place_bot/build/robot_controller/install.log'
[0.508s] Invoked command in '/home/slok/autonoumous_pick-place_bot/src/robot_controller' returned '0': PYTHONPATH=/home/slok/autonoumous_pick-place_bot/build/robot_controller/prefix_override:/usr/lib/python3/dist-packages/colcon_core/task/python/colcon_distutils_commands:/home/slok/autonoumous_pick-place_bot/install/robot_controller/lib/python3.10/site-packages:${PYTHONPATH} /usr/bin/python3 -W ignore:setup.py install is deprecated -W ignore:easy_install command is deprecated setup.py egg_info --egg-base ../../build/robot_controller build --build-base /home/slok/autonoumous_pick-place_bot/build/robot_controller/build install --record /home/slok/autonoumous_pick-place_bot/build/robot_controller/install.log --single-version-externally-managed install_data
