[0.162s] Invoking command in '/home/harshitkalra/autonoumous_pick-place_bot/build/robot_description': CMAKE_PREFIX_PATH=${CMAKE_PREFIX_PATH}:/home/harshitkalra/ros2_ws/install/turtle_catch_them_all:/home/harshitkalra/ros2_ws/install/robot_controller:/home/harshitkalra/ros2_ws/install/my_py_pkg:/home/harshitkalra/ros2_multi_bot_ws/install/spawning:/opt/ros/humble /usr/bin/cmake /home/harshitkalra/autonoumous_pick-place_bot/src/robot_description -DCMAKE_INSTALL_PREFIX=/home/harshitkalra/autonoumous_pick-place_bot/install/robot_description
[0.237s] -- The C compiler identification is GNU 11.4.0
[0.299s] -- The CXX compiler identification is GNU 11.4.0
[0.309s] -- Detecting C compiler ABI info
[0.372s] -- Detecting C compiler ABI info - done
[0.378s] -- Check for working C compiler: /usr/bin/cc - skipped
[0.378s] -- Detecting C compile features
[0.378s] -- Detecting C compile features - done
[0.381s] -- Detecting CXX compiler ABI info
[0.455s] -- Detecting CXX compiler ABI info - done
[0.464s] -- Check for working CXX compiler: /usr/bin/c++ - skipped
[0.464s] -- Detecting CXX compile features
[0.465s] -- Detecting CXX compile features - done
[0.468s] -- Found ament_cmake: 1.3.11 (/opt/ros/humble/share/ament_cmake/cmake)
[0.611s] -- Found Python3: /usr/bin/python3 (found version "3.10.12") found components: Interpreter 
[0.716s] -- Found ament_lint_auto: 0.12.11 (/opt/ros/humble/share/ament_lint_auto/cmake)
[0.776s] -- Added test 'lint_cmake' to check CMake code style
[0.776s] -- Added test 'xmllint' to check XML markup files
[0.777s] -- Configuring done
[0.777s] -- Generating done
[0.779s] -- Build files have been written to: /home/harshitkalra/autonoumous_pick-place_bot/build/robot_description
[0.782s] Invoked command in '/home/harshitkalra/autonoumous_pick-place_bot/build/robot_description' returned '0': CMAKE_PREFIX_PATH=${CMAKE_PREFIX_PATH}:/home/harshitkalra/ros2_ws/install/turtle_catch_them_all:/home/harshitkalra/ros2_ws/install/robot_controller:/home/harshitkalra/ros2_ws/install/my_py_pkg:/home/harshitkalra/ros2_multi_bot_ws/install/spawning:/opt/ros/humble /usr/bin/cmake /home/harshitkalra/autonoumous_pick-place_bot/src/robot_description -DCMAKE_INSTALL_PREFIX=/home/harshitkalra/autonoumous_pick-place_bot/install/robot_description
[0.784s] Invoking command in '/home/harshitkalra/autonoumous_pick-place_bot/build/robot_description': CMAKE_PREFIX_PATH=${CMAKE_PREFIX_PATH}:/home/harshitkalra/ros2_ws/install/turtle_catch_them_all:/home/harshitkalra/ros2_ws/install/robot_controller:/home/harshitkalra/ros2_ws/install/my_py_pkg:/home/harshitkalra/ros2_multi_bot_ws/install/spawning:/opt/ros/humble /usr/bin/cmake --build /home/harshitkalra/autonoumous_pick-place_bot/build/robot_description -- -j12 -l12
[0.822s] Invoked command in '/home/harshitkalra/autonoumous_pick-place_bot/build/robot_description' returned '0': CMAKE_PREFIX_PATH=${CMAKE_PREFIX_PATH}:/home/harshitkalra/ros2_ws/install/turtle_catch_them_all:/home/harshitkalra/ros2_ws/install/robot_controller:/home/harshitkalra/ros2_ws/install/my_py_pkg:/home/harshitkalra/ros2_multi_bot_ws/install/spawning:/opt/ros/humble /usr/bin/cmake --build /home/harshitkalra/autonoumous_pick-place_bot/build/robot_description -- -j12 -l12
[0.824s] Invoking command in '/home/harshitkalra/autonoumous_pick-place_bot/build/robot_description': CMAKE_PREFIX_PATH=${CMAKE_PREFIX_PATH}:/home/harshitkalra/ros2_ws/install/turtle_catch_them_all:/home/harshitkalra/ros2_ws/install/robot_controller:/home/harshitkalra/ros2_ws/install/my_py_pkg:/home/harshitkalra/ros2_multi_bot_ws/install/spawning:/opt/ros/humble /usr/bin/cmake --install /home/harshitkalra/autonoumous_pick-place_bot/build/robot_description
[0.831s] -- Install configuration: ""
[0.832s] -- Installing: /home/harshitkalra/autonoumous_pick-place_bot/install/robot_description/share/ament_index/resource_index/package_run_dependencies/robot_description
[0.832s] -- Installing: /home/harshitkalra/autonoumous_pick-place_bot/install/robot_description/share/ament_index/resource_index/parent_prefix_path/robot_description
[0.832s] -- Installing: /home/harshitkalra/autonoumous_pick-place_bot/install/robot_description/share/robot_description/environment/ament_prefix_path.sh
[0.832s] -- Installing: /home/harshitkalra/autonoumous_pick-place_bot/install/robot_description/share/robot_description/environment/ament_prefix_path.dsv
[0.833s] -- Installing: /home/harshitkalra/autonoumous_pick-place_bot/install/robot_description/share/robot_description/environment/path.sh
[0.833s] -- Installing: /home/harshitkalra/autonoumous_pick-place_bot/install/robot_description/share/robot_description/environment/path.dsv
[0.833s] -- Installing: /home/harshitkalra/autonoumous_pick-place_bot/install/robot_description/share/robot_description/local_setup.bash
[0.833s] -- Installing: /home/harshitkalra/autonoumous_pick-place_bot/install/robot_description/share/robot_description/local_setup.sh
[0.833s] -- Installing: /home/harshitkalra/autonoumous_pick-place_bot/install/robot_description/share/robot_description/local_setup.zsh
[0.833s] -- Installing: /home/harshitkalra/autonoumous_pick-place_bot/install/robot_description/share/robot_description/local_setup.dsv
[0.833s] -- Installing: /home/harshitkalra/autonoumous_pick-place_bot/install/robot_description/share/robot_description/package.dsv
[0.833s] -- Installing: /home/harshitkalra/autonoumous_pick-place_bot/install/robot_description/share/ament_index/resource_index/packages/robot_description
[0.833s] -- Installing: /home/harshitkalra/autonoumous_pick-place_bot/install/robot_description/share/robot_description/cmake/robot_descriptionConfig.cmake
[0.833s] -- Installing: /home/harshitkalra/autonoumous_pick-place_bot/install/robot_description/share/robot_description/cmake/robot_descriptionConfig-version.cmake
[0.833s] -- Installing: /home/harshitkalra/autonoumous_pick-place_bot/install/robot_description/share/robot_description/package.xml
[0.844s] Invoked command in '/home/harshitkalra/autonoumous_pick-place_bot/build/robot_description' returned '0': CMAKE_PREFIX_PATH=${CMAKE_PREFIX_PATH}:/home/harshitkalra/ros2_ws/install/turtle_catch_them_all:/home/harshitkalra/ros2_ws/install/robot_controller:/home/harshitkalra/ros2_ws/install/my_py_pkg:/home/harshitkalra/ros2_multi_bot_ws/install/spawning:/opt/ros/humble /usr/bin/cmake --install /home/harshitkalra/autonoumous_pick-place_bot/build/robot_description
