[0.145s] Invoking command in '/home/harshitkalra/autonoumous_pick-place_bot/build/robot_interfaces': CMAKE_PREFIX_PATH=${CMAKE_PREFIX_PATH}:/home/harshitkalra/ros2_ws/install/turtle_catch_them_all:/home/harshitkalra/ros2_ws/install/robot_controller:/home/harshitkalra/ros2_ws/install/my_py_pkg:/home/harshitkalra/ros2_multi_bot_ws/install/spawning:/opt/ros/humble /usr/bin/cmake --build /home/harshitkalra/autonoumous_pick-place_bot/build/robot_interfaces -- -j12 -l12
[0.177s] Invoked command in '/home/harshitkalra/autonoumous_pick-place_bot/build/robot_interfaces' returned '0': CMAKE_PREFIX_PATH=${CMAKE_PREFIX_PATH}:/home/harshitkalra/ros2_ws/install/turtle_catch_them_all:/home/harshitkalra/ros2_ws/install/robot_controller:/home/harshitkalra/ros2_ws/install/my_py_pkg:/home/harshitkalra/ros2_multi_bot_ws/install/spawning:/opt/ros/humble /usr/bin/cmake --build /home/harshitkalra/autonoumous_pick-place_bot/build/robot_interfaces -- -j12 -l12
[0.184s] Invoking command in '/home/harshitkalra/autonoumous_pick-place_bot/build/robot_interfaces': CMAKE_PREFIX_PATH=${CMAKE_PREFIX_PATH}:/home/harshitkalra/ros2_ws/install/turtle_catch_them_all:/home/harshitkalra/ros2_ws/install/robot_controller:/home/harshitkalra/ros2_ws/install/my_py_pkg:/home/harshitkalra/ros2_multi_bot_ws/install/spawning:/opt/ros/humble /usr/bin/cmake --install /home/harshitkalra/autonoumous_pick-place_bot/build/robot_interfaces
[0.191s] -- Install configuration: ""
[0.191s] -- Up-to-date: /home/harshitkalra/autonoumous_pick-place_bot/install/robot_interfaces/share/ament_index/resource_index/package_run_dependencies/robot_interfaces
[0.191s] -- Up-to-date: /home/harshitkalra/autonoumous_pick-place_bot/install/robot_interfaces/share/ament_index/resource_index/parent_prefix_path/robot_interfaces
[0.191s] -- Up-to-date: /home/harshitkalra/autonoumous_pick-place_bot/install/robot_interfaces/share/robot_interfaces/environment/ament_prefix_path.sh
[0.192s] -- Up-to-date: /home/harshitkalra/autonoumous_pick-place_bot/install/robot_interfaces/share/robot_interfaces/environment/ament_prefix_path.dsv
[0.192s] -- Up-to-date: /home/harshitkalra/autonoumous_pick-place_bot/install/robot_interfaces/share/robot_interfaces/environment/path.sh
[0.192s] -- Up-to-date: /home/harshitkalra/autonoumous_pick-place_bot/install/robot_interfaces/share/robot_interfaces/environment/path.dsv
[0.192s] -- Up-to-date: /home/harshitkalra/autonoumous_pick-place_bot/install/robot_interfaces/share/robot_interfaces/local_setup.bash
[0.192s] -- Up-to-date: /home/harshitkalra/autonoumous_pick-place_bot/install/robot_interfaces/share/robot_interfaces/local_setup.sh
[0.192s] -- Up-to-date: /home/harshitkalra/autonoumous_pick-place_bot/install/robot_interfaces/share/robot_interfaces/local_setup.zsh
[0.192s] -- Up-to-date: /home/harshitkalra/autonoumous_pick-place_bot/install/robot_interfaces/share/robot_interfaces/local_setup.dsv
[0.192s] -- Up-to-date: /home/harshitkalra/autonoumous_pick-place_bot/install/robot_interfaces/share/robot_interfaces/package.dsv
[0.192s] -- Up-to-date: /home/harshitkalra/autonoumous_pick-place_bot/install/robot_interfaces/share/ament_index/resource_index/packages/robot_interfaces
[0.192s] -- Up-to-date: /home/harshitkalra/autonoumous_pick-place_bot/install/robot_interfaces/share/robot_interfaces/cmake/robot_interfacesConfig.cmake
[0.192s] -- Up-to-date: /home/harshitkalra/autonoumous_pick-place_bot/install/robot_interfaces/share/robot_interfaces/cmake/robot_interfacesConfig-version.cmake
[0.192s] -- Up-to-date: /home/harshitkalra/autonoumous_pick-place_bot/install/robot_interfaces/share/robot_interfaces/package.xml
[0.193s] Invoked command in '/home/harshitkalra/autonoumous_pick-place_bot/build/robot_interfaces' returned '0': CMAKE_PREFIX_PATH=${CMAKE_PREFIX_PATH}:/home/harshitkalra/ros2_ws/install/turtle_catch_them_all:/home/harshitkalra/ros2_ws/install/robot_controller:/home/harshitkalra/ros2_ws/install/my_py_pkg:/home/harshitkalra/ros2_multi_bot_ws/install/spawning:/opt/ros/humble /usr/bin/cmake --install /home/harshitkalra/autonoumous_pick-place_bot/build/robot_interfaces
