[0.151s] DEBUG:colcon:Command line arguments: ['/usr/bin/colcon', 'list', '-p', '--base-paths', '/home/harshitkalra/autonoumous_pick-place_bot']
[0.151s] DEBUG:colcon:Parsed command line arguments: Namespace(log_base=None, log_level=None, verb_name='list', build_base='build', ignore_user_meta=False, metas=['./colcon.meta'], base_paths=['/home/harshitkalra/autonoumous_pick-place_bot'], packages_ignore=None, packages_ignore_regex=None, paths=None, packages_up_to=None, packages_up_to_regex=None, packages_above=None, packages_above_and_dependencies=None, packages_above_depth=None, packages_select_by_dep=None, packages_skip_by_dep=None, packages_skip_up_to=None, packages_select_build_failed=False, packages_skip_build_finished=False, packages_select_test_failures=False, packages_skip_test_passed=False, packages_select=None, packages_skip=None, packages_select_regex=None, packages_skip_regex=None, packages_start=None, packages_end=None, allow_overriding=[], topological_order=False, names_only=False, paths_only=True, topological_graph=False, topological_graph_dot=False, topological_graph_density=False, topological_graph_legend=False, topological_graph_dot_cluster=False, topological_graph_dot_include_skipped=False, mixin_files=None, mixin=None, verb_parser=<colcon_mixin.mixin.mixin_argument.MixinArgumentDecorator object at 0x7dbcc8470250>, verb_extension=<colcon_package_information.verb.list.ListVerb object at 0x7dbcc85e4550>, main=<bound method ListVerb.main of <colcon_package_information.verb.list.ListVerb object at 0x7dbcc85e4550>>, mixin_verb=('list',))
[0.415s] Level 1:colcon.colcon_core.package_discovery:discover_packages(colcon_meta) check parameters
[0.415s] Level 1:colcon.colcon_core.package_discovery:discover_packages(recursive) check parameters
[0.415s] Level 1:colcon.colcon_core.package_discovery:discover_packages(ignore) check parameters
[0.415s] Level 1:colcon.colcon_core.package_discovery:discover_packages(path) check parameters
[0.415s] Level 1:colcon.colcon_core.package_discovery:discover_packages(recursive) discover
[0.415s] INFO:colcon.colcon_core.package_discovery:Crawling recursively for packages in '/home/harshitkalra/autonoumous_pick-place_bot'
[0.415s] Level 1:colcon.colcon_core.package_identification:_identify(/home/harshitkalra/autonoumous_pick-place_bot) by extensions ['ignore', 'ignore_ament_install']
[0.415s] Level 1:colcon.colcon_core.package_identification:_identify(/home/harshitkalra/autonoumous_pick-place_bot) by extension 'ignore'
[0.415s] Level 1:colcon.colcon_core.package_identification:_identify(/home/harshitkalra/autonoumous_pick-place_bot) by extension 'ignore_ament_install'
[0.416s] Level 1:colcon.colcon_core.package_identification:_identify(/home/harshitkalra/autonoumous_pick-place_bot) by extensions ['colcon_pkg']
[0.416s] Level 1:colcon.colcon_core.package_identification:_identify(/home/harshitkalra/autonoumous_pick-place_bot) by extension 'colcon_pkg'
[0.416s] Level 1:colcon.colcon_core.package_identification:_identify(/home/harshitkalra/autonoumous_pick-place_bot) by extensions ['colcon_meta']
[0.416s] Level 1:colcon.colcon_core.package_identification:_identify(/home/harshitkalra/autonoumous_pick-place_bot) by extension 'colcon_meta'
[0.416s] Level 1:colcon.colcon_core.package_identification:_identify(/home/harshitkalra/autonoumous_pick-place_bot) by extensions ['ros']
[0.416s] Level 1:colcon.colcon_core.package_identification:_identify(/home/harshitkalra/autonoumous_pick-place_bot) by extension 'ros'
[0.434s] Level 1:colcon.colcon_core.package_identification:_identify(/home/harshitkalra/autonoumous_pick-place_bot) by extensions ['cmake', 'python']
[0.434s] Level 1:colcon.colcon_core.package_identification:_identify(/home/harshitkalra/autonoumous_pick-place_bot) by extension 'cmake'
[0.434s] Level 1:colcon.colcon_core.package_identification:_identify(/home/harshitkalra/autonoumous_pick-place_bot) by extension 'python'
[0.434s] Level 1:colcon.colcon_core.package_identification:_identify(/home/harshitkalra/autonoumous_pick-place_bot) by extensions ['python_setup_py']
[0.434s] Level 1:colcon.colcon_core.package_identification:_identify(/home/harshitkalra/autonoumous_pick-place_bot) by extension 'python_setup_py'
[0.434s] Level 1:colcon.colcon_core.package_identification:_identify(/home/harshitkalra/autonoumous_pick-place_bot/build) by extensions ['ignore', 'ignore_ament_install']
[0.434s] Level 1:colcon.colcon_core.package_identification:_identify(/home/harshitkalra/autonoumous_pick-place_bot/build) by extension 'ignore'
[0.434s] Level 1:colcon.colcon_core.package_identification:_identify(/home/harshitkalra/autonoumous_pick-place_bot/build) ignored
[0.435s] Level 1:colcon.colcon_core.package_identification:_identify(/home/harshitkalra/autonoumous_pick-place_bot/install) by extensions ['ignore', 'ignore_ament_install']
[0.435s] Level 1:colcon.colcon_core.package_identification:_identify(/home/harshitkalra/autonoumous_pick-place_bot/install) by extension 'ignore'
[0.435s] Level 1:colcon.colcon_core.package_identification:_identify(/home/harshitkalra/autonoumous_pick-place_bot/install) ignored
[0.435s] Level 1:colcon.colcon_core.package_identification:_identify(/home/harshitkalra/autonoumous_pick-place_bot/log) by extensions ['ignore', 'ignore_ament_install']
[0.435s] Level 1:colcon.colcon_core.package_identification:_identify(/home/harshitkalra/autonoumous_pick-place_bot/log) by extension 'ignore'
[0.435s] Level 1:colcon.colcon_core.package_identification:_identify(/home/harshitkalra/autonoumous_pick-place_bot/log) ignored
[0.435s] Level 1:colcon.colcon_core.package_identification:_identify(/home/harshitkalra/autonoumous_pick-place_bot/src) by extensions ['ignore', 'ignore_ament_install']
[0.435s] Level 1:colcon.colcon_core.package_identification:_identify(/home/harshitkalra/autonoumous_pick-place_bot/src) by extension 'ignore'
[0.435s] Level 1:colcon.colcon_core.package_identification:_identify(/home/harshitkalra/autonoumous_pick-place_bot/src) by extension 'ignore_ament_install'
[0.435s] Level 1:colcon.colcon_core.package_identification:_identify(/home/harshitkalra/autonoumous_pick-place_bot/src) by extensions ['colcon_pkg']
[0.435s] Level 1:colcon.colcon_core.package_identification:_identify(/home/harshitkalra/autonoumous_pick-place_bot/src) by extension 'colcon_pkg'
[0.436s] Level 1:colcon.colcon_core.package_identification:_identify(/home/harshitkalra/autonoumous_pick-place_bot/src) by extensions ['colcon_meta']
[0.436s] Level 1:colcon.colcon_core.package_identification:_identify(/home/harshitkalra/autonoumous_pick-place_bot/src) by extension 'colcon_meta'
[0.436s] Level 1:colcon.colcon_core.package_identification:_identify(/home/harshitkalra/autonoumous_pick-place_bot/src) by extensions ['ros']
[0.436s] Level 1:colcon.colcon_core.package_identification:_identify(/home/harshitkalra/autonoumous_pick-place_bot/src) by extension 'ros'
[0.436s] Level 1:colcon.colcon_core.package_identification:_identify(/home/harshitkalra/autonoumous_pick-place_bot/src) by extensions ['cmake', 'python']
[0.436s] Level 1:colcon.colcon_core.package_identification:_identify(/home/harshitkalra/autonoumous_pick-place_bot/src) by extension 'cmake'
[0.436s] Level 1:colcon.colcon_core.package_identification:_identify(/home/harshitkalra/autonoumous_pick-place_bot/src) by extension 'python'
[0.436s] Level 1:colcon.colcon_core.package_identification:_identify(/home/harshitkalra/autonoumous_pick-place_bot/src) by extensions ['python_setup_py']
[0.436s] Level 1:colcon.colcon_core.package_identification:_identify(/home/harshitkalra/autonoumous_pick-place_bot/src) by extension 'python_setup_py'
[0.436s] Level 1:colcon.colcon_core.package_identification:_identify(/home/harshitkalra/autonoumous_pick-place_bot/src/robot_controller) by extensions ['ignore', 'ignore_ament_install']
[0.436s] Level 1:colcon.colcon_core.package_identification:_identify(/home/harshitkalra/autonoumous_pick-place_bot/src/robot_controller) by extension 'ignore'
[0.436s] Level 1:colcon.colcon_core.package_identification:_identify(/home/harshitkalra/autonoumous_pick-place_bot/src/robot_controller) by extension 'ignore_ament_install'
[0.436s] Level 1:colcon.colcon_core.package_identification:_identify(/home/harshitkalra/autonoumous_pick-place_bot/src/robot_controller) by extensions ['colcon_pkg']
[0.436s] Level 1:colcon.colcon_core.package_identification:_identify(/home/harshitkalra/autonoumous_pick-place_bot/src/robot_controller) by extension 'colcon_pkg'
[0.436s] Level 1:colcon.colcon_core.package_identification:_identify(/home/harshitkalra/autonoumous_pick-place_bot/src/robot_controller) by extensions ['colcon_meta']
[0.436s] Level 1:colcon.colcon_core.package_identification:_identify(/home/harshitkalra/autonoumous_pick-place_bot/src/robot_controller) by extension 'colcon_meta'
[0.437s] Level 1:colcon.colcon_core.package_identification:_identify(/home/harshitkalra/autonoumous_pick-place_bot/src/robot_controller) by extensions ['ros']
[0.437s] Level 1:colcon.colcon_core.package_identification:_identify(/home/harshitkalra/autonoumous_pick-place_bot/src/robot_controller) by extension 'ros'
[0.440s] DEBUG:colcon.colcon_core.package_identification:Package '/home/harshitkalra/autonoumous_pick-place_bot/src/robot_controller' with type 'ros.ament_python' and name 'robot_controller'
[0.440s] Level 1:colcon.colcon_core.package_identification:_identify(/home/harshitkalra/autonoumous_pick-place_bot/src/robot_description) by extensions ['ignore', 'ignore_ament_install']
[0.440s] Level 1:colcon.colcon_core.package_identification:_identify(/home/harshitkalra/autonoumous_pick-place_bot/src/robot_description) by extension 'ignore'
[0.440s] Level 1:colcon.colcon_core.package_identification:_identify(/home/harshitkalra/autonoumous_pick-place_bot/src/robot_description) by extension 'ignore_ament_install'
[0.440s] Level 1:colcon.colcon_core.package_identification:_identify(/home/harshitkalra/autonoumous_pick-place_bot/src/robot_description) by extensions ['colcon_pkg']
[0.440s] Level 1:colcon.colcon_core.package_identification:_identify(/home/harshitkalra/autonoumous_pick-place_bot/src/robot_description) by extension 'colcon_pkg'
[0.440s] Level 1:colcon.colcon_core.package_identification:_identify(/home/harshitkalra/autonoumous_pick-place_bot/src/robot_description) by extensions ['colcon_meta']
[0.440s] Level 1:colcon.colcon_core.package_identification:_identify(/home/harshitkalra/autonoumous_pick-place_bot/src/robot_description) by extension 'colcon_meta'
[0.441s] Level 1:colcon.colcon_core.package_identification:_identify(/home/harshitkalra/autonoumous_pick-place_bot/src/robot_description) by extensions ['ros']
[0.441s] Level 1:colcon.colcon_core.package_identification:_identify(/home/harshitkalra/autonoumous_pick-place_bot/src/robot_description) by extension 'ros'
[0.442s] DEBUG:colcon.colcon_core.package_identification:Package '/home/harshitkalra/autonoumous_pick-place_bot/src/robot_description' with type 'ros.ament_cmake' and name 'robot_description'
[0.442s] Level 1:colcon.colcon_core.package_identification:_identify(/home/harshitkalra/autonoumous_pick-place_bot/src/robot_interfaces) by extensions ['ignore', 'ignore_ament_install']
[0.442s] Level 1:colcon.colcon_core.package_identification:_identify(/home/harshitkalra/autonoumous_pick-place_bot/src/robot_interfaces) by extension 'ignore'
[0.442s] Level 1:colcon.colcon_core.package_identification:_identify(/home/harshitkalra/autonoumous_pick-place_bot/src/robot_interfaces) by extension 'ignore_ament_install'
[0.442s] Level 1:colcon.colcon_core.package_identification:_identify(/home/harshitkalra/autonoumous_pick-place_bot/src/robot_interfaces) by extensions ['colcon_pkg']
[0.442s] Level 1:colcon.colcon_core.package_identification:_identify(/home/harshitkalra/autonoumous_pick-place_bot/src/robot_interfaces) by extension 'colcon_pkg'
[0.442s] Level 1:colcon.colcon_core.package_identification:_identify(/home/harshitkalra/autonoumous_pick-place_bot/src/robot_interfaces) by extensions ['colcon_meta']
[0.442s] Level 1:colcon.colcon_core.package_identification:_identify(/home/harshitkalra/autonoumous_pick-place_bot/src/robot_interfaces) by extension 'colcon_meta'
[0.442s] Level 1:colcon.colcon_core.package_identification:_identify(/home/harshitkalra/autonoumous_pick-place_bot/src/robot_interfaces) by extensions ['ros']
[0.442s] Level 1:colcon.colcon_core.package_identification:_identify(/home/harshitkalra/autonoumous_pick-place_bot/src/robot_interfaces) by extension 'ros'
[0.443s] DEBUG:colcon.colcon_core.package_identification:Package '/home/harshitkalra/autonoumous_pick-place_bot/src/robot_interfaces' with type 'ros.ament_cmake' and name 'robot_interfaces'
[0.443s] Level 1:colcon.colcon_core.package_discovery:discover_packages(recursive) using defaults
