[0.056s] DEBUG:colcon:Command line arguments: ['/usr/bin/colcon', 'build']
[0.056s] DEBUG:colcon:Parsed command line arguments: Namespace(log_base=None, log_level=None, verb_name='build', build_base='build', install_base='install', merge_install=False, symlink_install=False, test_result_base=None, continue_on_error=False, executor='parallel', parallel_workers=12, event_handlers=None, ignore_user_meta=False, metas=['./colcon.meta'], base_paths=['.'], packages_ignore=None, packages_ignore_regex=None, paths=None, packages_up_to=None, packages_up_to_regex=None, packages_above=None, packages_above_and_dependencies=None, packages_above_depth=None, packages_select_by_dep=None, packages_skip_by_dep=None, packages_skip_up_to=None, packages_select_build_failed=False, packages_skip_build_finished=False, packages_select_test_failures=False, packages_skip_test_passed=False, packages_select=None, packages_skip=None, packages_select_regex=None, packages_skip_regex=None, packages_start=None, packages_end=None, allow_overriding=[], cmake_args=None, cmake_target=None, cmake_target_skip_unavailable=False, cmake_clean_cache=False, cmake_clean_first=False, cmake_force_configure=False, ament_cmake_args=None, catkin_cmake_args=None, catkin_skip_building_tests=False, mixin_files=None, mixin=None, verb_parser=<colcon_mixin.mixin.mixin_argument.MixinArgumentDecorator object at 0x701615a2b010>, verb_extension=<colcon_core.verb.build.BuildVerb object at 0x701615b43f40>, main=<bound method BuildVerb.main of <colcon_core.verb.build.BuildVerb object at 0x701615b43f40>>, mixin_verb=('build',))
[0.141s] Level 1:colcon.colcon_core.package_discovery:discover_packages(colcon_meta) check parameters
[0.141s] Level 1:colcon.colcon_core.package_discovery:discover_packages(recursive) check parameters
[0.141s] Level 1:colcon.colcon_core.package_discovery:discover_packages(ignore) check parameters
[0.141s] Level 1:colcon.colcon_core.package_discovery:discover_packages(path) check parameters
[0.141s] Level 1:colcon.colcon_core.package_discovery:discover_packages(colcon_meta) discover
[0.141s] Level 1:colcon.colcon_core.package_discovery:discover_packages(recursive) discover
[0.141s] INFO:colcon.colcon_core.package_discovery:Crawling recursively for packages in '/home/harshitkalra/autonoumous_pick-place_bot'
[0.141s] Level 1:colcon.colcon_core.package_identification:_identify(.) by extensions ['ignore', 'ignore_ament_install']
[0.141s] Level 1:colcon.colcon_core.package_identification:_identify(.) by extension 'ignore'
[0.141s] Level 1:colcon.colcon_core.package_identification:_identify(.) by extension 'ignore_ament_install'
[0.141s] Level 1:colcon.colcon_core.package_identification:_identify(.) by extensions ['colcon_pkg']
[0.141s] Level 1:colcon.colcon_core.package_identification:_identify(.) by extension 'colcon_pkg'
[0.141s] Level 1:colcon.colcon_core.package_identification:_identify(.) by extensions ['colcon_meta']
[0.141s] Level 1:colcon.colcon_core.package_identification:_identify(.) by extension 'colcon_meta'
[0.141s] Level 1:colcon.colcon_core.package_identification:_identify(.) by extensions ['ros']
[0.141s] Level 1:colcon.colcon_core.package_identification:_identify(.) by extension 'ros'
[0.147s] Level 1:colcon.colcon_core.package_identification:_identify(.) by extensions ['cmake', 'python']
[0.147s] Level 1:colcon.colcon_core.package_identification:_identify(.) by extension 'cmake'
[0.147s] Level 1:colcon.colcon_core.package_identification:_identify(.) by extension 'python'
[0.147s] Level 1:colcon.colcon_core.package_identification:_identify(.) by extensions ['python_setup_py']
[0.147s] Level 1:colcon.colcon_core.package_identification:_identify(.) by extension 'python_setup_py'
[0.147s] Level 1:colcon.colcon_core.package_identification:_identify(build) by extensions ['ignore', 'ignore_ament_install']
[0.148s] Level 1:colcon.colcon_core.package_identification:_identify(build) by extension 'ignore'
[0.148s] Level 1:colcon.colcon_core.package_identification:_identify(build) ignored
[0.148s] Level 1:colcon.colcon_core.package_identification:_identify(install) by extensions ['ignore', 'ignore_ament_install']
[0.148s] Level 1:colcon.colcon_core.package_identification:_identify(install) by extension 'ignore'
[0.148s] Level 1:colcon.colcon_core.package_identification:_identify(install) ignored
[0.148s] Level 1:colcon.colcon_core.package_identification:_identify(log) by extensions ['ignore', 'ignore_ament_install']
[0.148s] Level 1:colcon.colcon_core.package_identification:_identify(log) by extension 'ignore'
[0.148s] Level 1:colcon.colcon_core.package_identification:_identify(log) ignored
[0.148s] Level 1:colcon.colcon_core.package_identification:_identify(src) by extensions ['ignore', 'ignore_ament_install']
[0.148s] Level 1:colcon.colcon_core.package_identification:_identify(src) by extension 'ignore'
[0.148s] Level 1:colcon.colcon_core.package_identification:_identify(src) by extension 'ignore_ament_install'
[0.148s] Level 1:colcon.colcon_core.package_identification:_identify(src) by extensions ['colcon_pkg']
[0.148s] Level 1:colcon.colcon_core.package_identification:_identify(src) by extension 'colcon_pkg'
[0.148s] Level 1:colcon.colcon_core.package_identification:_identify(src) by extensions ['colcon_meta']
[0.148s] Level 1:colcon.colcon_core.package_identification:_identify(src) by extension 'colcon_meta'
[0.148s] Level 1:colcon.colcon_core.package_identification:_identify(src) by extensions ['ros']
[0.148s] Level 1:colcon.colcon_core.package_identification:_identify(src) by extension 'ros'
[0.148s] Level 1:colcon.colcon_core.package_identification:_identify(src) by extensions ['cmake', 'python']
[0.148s] Level 1:colcon.colcon_core.package_identification:_identify(src) by extension 'cmake'
[0.148s] Level 1:colcon.colcon_core.package_identification:_identify(src) by extension 'python'
[0.148s] Level 1:colcon.colcon_core.package_identification:_identify(src) by extensions ['python_setup_py']
[0.148s] Level 1:colcon.colcon_core.package_identification:_identify(src) by extension 'python_setup_py'
[0.148s] Level 1:colcon.colcon_core.package_identification:_identify(src/robot_controller) by extensions ['ignore', 'ignore_ament_install']
[0.148s] Level 1:colcon.colcon_core.package_identification:_identify(src/robot_controller) by extension 'ignore'
[0.148s] Level 1:colcon.colcon_core.package_identification:_identify(src/robot_controller) by extension 'ignore_ament_install'
[0.148s] Level 1:colcon.colcon_core.package_identification:_identify(src/robot_controller) by extensions ['colcon_pkg']
[0.148s] Level 1:colcon.colcon_core.package_identification:_identify(src/robot_controller) by extension 'colcon_pkg'
[0.148s] Level 1:colcon.colcon_core.package_identification:_identify(src/robot_controller) by extensions ['colcon_meta']
[0.148s] Level 1:colcon.colcon_core.package_identification:_identify(src/robot_controller) by extension 'colcon_meta'
[0.148s] Level 1:colcon.colcon_core.package_identification:_identify(src/robot_controller) by extensions ['ros']
[0.148s] Level 1:colcon.colcon_core.package_identification:_identify(src/robot_controller) by extension 'ros'
[0.149s] DEBUG:colcon.colcon_core.package_identification:Package 'src/robot_controller' with type 'ros.ament_python' and name 'robot_controller'
[0.150s] Level 1:colcon.colcon_core.package_identification:_identify(src/robot_description) by extensions ['ignore', 'ignore_ament_install']
[0.150s] Level 1:colcon.colcon_core.package_identification:_identify(src/robot_description) by extension 'ignore'
[0.150s] Level 1:colcon.colcon_core.package_identification:_identify(src/robot_description) by extension 'ignore_ament_install'
[0.150s] Level 1:colcon.colcon_core.package_identification:_identify(src/robot_description) by extensions ['colcon_pkg']
[0.150s] Level 1:colcon.colcon_core.package_identification:_identify(src/robot_description) by extension 'colcon_pkg'
[0.150s] Level 1:colcon.colcon_core.package_identification:_identify(src/robot_description) by extensions ['colcon_meta']
[0.150s] Level 1:colcon.colcon_core.package_identification:_identify(src/robot_description) by extension 'colcon_meta'
[0.150s] Level 1:colcon.colcon_core.package_identification:_identify(src/robot_description) by extensions ['ros']
[0.150s] Level 1:colcon.colcon_core.package_identification:_identify(src/robot_description) by extension 'ros'
[0.150s] DEBUG:colcon.colcon_core.package_identification:Package 'src/robot_description' with type 'ros.ament_cmake' and name 'robot_description'
[0.150s] Level 1:colcon.colcon_core.package_identification:_identify(src/robot_interfaces) by extensions ['ignore', 'ignore_ament_install']
[0.150s] Level 1:colcon.colcon_core.package_identification:_identify(src/robot_interfaces) by extension 'ignore'
[0.150s] Level 1:colcon.colcon_core.package_identification:_identify(src/robot_interfaces) by extension 'ignore_ament_install'
[0.150s] Level 1:colcon.colcon_core.package_identification:_identify(src/robot_interfaces) by extensions ['colcon_pkg']
[0.150s] Level 1:colcon.colcon_core.package_identification:_identify(src/robot_interfaces) by extension 'colcon_pkg'
[0.150s] Level 1:colcon.colcon_core.package_identification:_identify(src/robot_interfaces) by extensions ['colcon_meta']
[0.150s] Level 1:colcon.colcon_core.package_identification:_identify(src/robot_interfaces) by extension 'colcon_meta'
[0.150s] Level 1:colcon.colcon_core.package_identification:_identify(src/robot_interfaces) by extensions ['ros']
[0.150s] Level 1:colcon.colcon_core.package_identification:_identify(src/robot_interfaces) by extension 'ros'
[0.151s] DEBUG:colcon.colcon_core.package_identification:Package 'src/robot_interfaces' with type 'ros.ament_cmake' and name 'robot_interfaces'
[0.151s] Level 1:colcon.colcon_core.package_discovery:discover_packages(recursive) using defaults
[0.151s] Level 1:colcon.colcon_core.package_discovery:discover_packages(ignore) discover
[0.151s] Level 1:colcon.colcon_core.package_discovery:discover_packages(ignore) using defaults
[0.151s] Level 1:colcon.colcon_core.package_discovery:discover_packages(path) discover
[0.151s] Level 1:colcon.colcon_core.package_discovery:discover_packages(path) using defaults
[0.168s] Level 1:colcon.colcon_core.package_discovery:discover_packages(prefix_path) check parameters
[0.168s] Level 1:colcon.colcon_core.package_discovery:discover_packages(prefix_path) discover
[0.169s] DEBUG:colcon.colcon_installed_package_information.package_discovery:Found 2 installed packages in /home/harshitkalra/ros2_multi_bot_ws/install
[0.169s] DEBUG:colcon.colcon_installed_package_information.package_discovery:Found 7 installed packages in /home/harshitkalra/ros2_ws/install
[0.170s] DEBUG:colcon.colcon_installed_package_information.package_discovery:Found 366 installed packages in /opt/ros/humble
[0.171s] Level 1:colcon.colcon_core.package_discovery:discover_packages(prefix_path) using defaults
[0.193s] WARNING:colcon.colcon_core.package_selection:Some selected packages are already built in one or more underlay workspaces:
	'robot_controller' is in: /home/harshitkalra/ros2_ws/install/robot_controller
If a package in a merged underlay workspace is overridden and it installs headers, then all packages in the overlay must sort their include directories by workspace order. Failure to do so may result in build failures or undefined behavior at run time.
If the overridden package is used by another package in any underlay, then the overriding package in the overlay must be API and ABI compatible or undefined behavior at run time may occur.

If you understand the risks and want to override a package anyways, add the following to the command line:
	--allow-overriding robot_controller

This may be promoted to an error in a future release of colcon-override-check.
[0.194s] Level 5:colcon.colcon_core.verb:set package 'robot_controller' build argument 'cmake_args' from command line to 'None'
[0.194s] Level 5:colcon.colcon_core.verb:set package 'robot_controller' build argument 'cmake_target' from command line to 'None'
[0.194s] Level 5:colcon.colcon_core.verb:set package 'robot_controller' build argument 'cmake_target_skip_unavailable' from command line to 'False'
[0.194s] Level 5:colcon.colcon_core.verb:set package 'robot_controller' build argument 'cmake_clean_cache' from command line to 'False'
[0.194s] Level 5:colcon.colcon_core.verb:set package 'robot_controller' build argument 'cmake_clean_first' from command line to 'False'
[0.194s] Level 5:colcon.colcon_core.verb:set package 'robot_controller' build argument 'cmake_force_configure' from command line to 'False'
[0.194s] Level 5:colcon.colcon_core.verb:set package 'robot_controller' build argument 'ament_cmake_args' from command line to 'None'
[0.194s] Level 5:colcon.colcon_core.verb:set package 'robot_controller' build argument 'catkin_cmake_args' from command line to 'None'
[0.194s] Level 5:colcon.colcon_core.verb:set package 'robot_controller' build argument 'catkin_skip_building_tests' from command line to 'False'
[0.194s] DEBUG:colcon.colcon_core.verb:Building package 'robot_controller' with the following arguments: {'ament_cmake_args': None, 'build_base': '/home/harshitkalra/autonoumous_pick-place_bot/build/robot_controller', 'catkin_cmake_args': None, 'catkin_skip_building_tests': False, 'cmake_args': None, 'cmake_clean_cache': False, 'cmake_clean_first': False, 'cmake_force_configure': False, 'cmake_target': None, 'cmake_target_skip_unavailable': False, 'install_base': '/home/harshitkalra/autonoumous_pick-place_bot/install/robot_controller', 'merge_install': False, 'path': '/home/harshitkalra/autonoumous_pick-place_bot/src/robot_controller', 'symlink_install': False, 'test_result_base': None}
[0.194s] Level 5:colcon.colcon_core.verb:set package 'robot_description' build argument 'cmake_args' from command line to 'None'
[0.194s] Level 5:colcon.colcon_core.verb:set package 'robot_description' build argument 'cmake_target' from command line to 'None'
[0.194s] Level 5:colcon.colcon_core.verb:set package 'robot_description' build argument 'cmake_target_skip_unavailable' from command line to 'False'
[0.194s] Level 5:colcon.colcon_core.verb:set package 'robot_description' build argument 'cmake_clean_cache' from command line to 'False'
[0.194s] Level 5:colcon.colcon_core.verb:set package 'robot_description' build argument 'cmake_clean_first' from command line to 'False'
[0.194s] Level 5:colcon.colcon_core.verb:set package 'robot_description' build argument 'cmake_force_configure' from command line to 'False'
[0.194s] Level 5:colcon.colcon_core.verb:set package 'robot_description' build argument 'ament_cmake_args' from command line to 'None'
[0.194s] Level 5:colcon.colcon_core.verb:set package 'robot_description' build argument 'catkin_cmake_args' from command line to 'None'
[0.194s] Level 5:colcon.colcon_core.verb:set package 'robot_description' build argument 'catkin_skip_building_tests' from command line to 'False'
[0.194s] DEBUG:colcon.colcon_core.verb:Building package 'robot_description' with the following arguments: {'ament_cmake_args': None, 'build_base': '/home/harshitkalra/autonoumous_pick-place_bot/build/robot_description', 'catkin_cmake_args': None, 'catkin_skip_building_tests': False, 'cmake_args': None, 'cmake_clean_cache': False, 'cmake_clean_first': False, 'cmake_force_configure': False, 'cmake_target': None, 'cmake_target_skip_unavailable': False, 'install_base': '/home/harshitkalra/autonoumous_pick-place_bot/install/robot_description', 'merge_install': False, 'path': '/home/harshitkalra/autonoumous_pick-place_bot/src/robot_description', 'symlink_install': False, 'test_result_base': None}
[0.194s] Level 5:colcon.colcon_core.verb:set package 'robot_interfaces' build argument 'cmake_args' from command line to 'None'
[0.194s] Level 5:colcon.colcon_core.verb:set package 'robot_interfaces' build argument 'cmake_target' from command line to 'None'
[0.194s] Level 5:colcon.colcon_core.verb:set package 'robot_interfaces' build argument 'cmake_target_skip_unavailable' from command line to 'False'
[0.194s] Level 5:colcon.colcon_core.verb:set package 'robot_interfaces' build argument 'cmake_clean_cache' from command line to 'False'
[0.194s] Level 5:colcon.colcon_core.verb:set package 'robot_interfaces' build argument 'cmake_clean_first' from command line to 'False'
[0.194s] Level 5:colcon.colcon_core.verb:set package 'robot_interfaces' build argument 'cmake_force_configure' from command line to 'False'
[0.194s] Level 5:colcon.colcon_core.verb:set package 'robot_interfaces' build argument 'ament_cmake_args' from command line to 'None'
[0.194s] Level 5:colcon.colcon_core.verb:set package 'robot_interfaces' build argument 'catkin_cmake_args' from command line to 'None'
[0.195s] Level 5:colcon.colcon_core.verb:set package 'robot_interfaces' build argument 'catkin_skip_building_tests' from command line to 'False'
[0.195s] DEBUG:colcon.colcon_core.verb:Building package 'robot_interfaces' with the following arguments: {'ament_cmake_args': None, 'build_base': '/home/harshitkalra/autonoumous_pick-place_bot/build/robot_interfaces', 'catkin_cmake_args': None, 'catkin_skip_building_tests': False, 'cmake_args': None, 'cmake_clean_cache': False, 'cmake_clean_first': False, 'cmake_force_configure': False, 'cmake_target': None, 'cmake_target_skip_unavailable': False, 'install_base': '/home/harshitkalra/autonoumous_pick-place_bot/install/robot_interfaces', 'merge_install': False, 'path': '/home/harshitkalra/autonoumous_pick-place_bot/src/robot_interfaces', 'symlink_install': False, 'test_result_base': None}
[0.195s] INFO:colcon.colcon_core.executor:Executing jobs using 'parallel' executor
[0.195s] DEBUG:colcon.colcon_parallel_executor.executor.parallel:run_until_complete
[0.195s] INFO:colcon.colcon_ros.task.ament_python.build:Building ROS package in '/home/harshitkalra/autonoumous_pick-place_bot/src/robot_controller' with build type 'ament_python'
[0.195s] Level 1:colcon.colcon_core.shell:create_environment_hook('robot_controller', 'ament_prefix_path')
[0.197s] INFO:colcon.colcon_core.plugin_system:Skipping extension 'colcon_core.shell.bat': Not used on non-Windows systems
[0.197s] INFO:colcon.colcon_core.shell:Creating environment hook '/home/harshitkalra/autonoumous_pick-place_bot/install/robot_controller/share/robot_controller/hook/ament_prefix_path.ps1'
[0.197s] INFO:colcon.colcon_core.shell:Creating environment descriptor '/home/harshitkalra/autonoumous_pick-place_bot/install/robot_controller/share/robot_controller/hook/ament_prefix_path.dsv'
[0.197s] INFO:colcon.colcon_core.shell:Creating environment hook '/home/harshitkalra/autonoumous_pick-place_bot/install/robot_controller/share/robot_controller/hook/ament_prefix_path.sh'
[0.198s] INFO:colcon.colcon_core.shell:Skip shell extension 'powershell' for command environment: Not usable outside of PowerShell
[0.198s] DEBUG:colcon.colcon_core.shell:Skip shell extension 'dsv' for command environment
[0.200s] INFO:colcon.colcon_ros.task.ament_cmake.build:Building ROS package in '/home/harshitkalra/autonoumous_pick-place_bot/src/robot_description' with build type 'ament_cmake'
[0.200s] INFO:colcon.colcon_cmake.task.cmake.build:Building CMake package in '/home/harshitkalra/autonoumous_pick-place_bot/src/robot_description'
[0.200s] INFO:colcon.colcon_core.shell:Skip shell extension 'powershell' for command environment: Not usable outside of PowerShell
[0.200s] DEBUG:colcon.colcon_core.shell:Skip shell extension 'dsv' for command environment
[0.202s] INFO:colcon.colcon_ros.task.ament_cmake.build:Building ROS package in '/home/harshitkalra/autonoumous_pick-place_bot/src/robot_interfaces' with build type 'ament_cmake'
[0.202s] INFO:colcon.colcon_cmake.task.cmake.build:Building CMake package in '/home/harshitkalra/autonoumous_pick-place_bot/src/robot_interfaces'
[0.202s] INFO:colcon.colcon_core.shell:Skip shell extension 'powershell' for command environment: Not usable outside of PowerShell
[0.202s] DEBUG:colcon.colcon_core.shell:Skip shell extension 'dsv' for command environment
[0.337s] INFO:colcon.colcon_core.task.python.build:Building Python package in '/home/harshitkalra/autonoumous_pick-place_bot/src/robot_controller'
[0.338s] INFO:colcon.colcon_core.shell:Skip shell extension 'powershell' for command environment: Not usable outside of PowerShell
[0.338s] DEBUG:colcon.colcon_core.shell:Skip shell extension 'dsv' for command environment
[0.344s] DEBUG:colcon.colcon_core.event_handler.log_command:Invoking command in '/home/harshitkalra/autonoumous_pick-place_bot/build/robot_description': CMAKE_PREFIX_PATH=${CMAKE_PREFIX_PATH}:/home/harshitkalra/ros2_ws/install/turtle_catch_them_all:/home/harshitkalra/ros2_ws/install/robot_controller:/home/harshitkalra/ros2_ws/install/my_py_pkg:/home/harshitkalra/ros2_multi_bot_ws/install/spawning:/opt/ros/humble /usr/bin/cmake --build /home/harshitkalra/autonoumous_pick-place_bot/build/robot_description -- -j12 -l12
[0.346s] DEBUG:colcon.colcon_core.event_handler.log_command:Invoking command in '/home/harshitkalra/autonoumous_pick-place_bot/build/robot_interfaces': CMAKE_PREFIX_PATH=${CMAKE_PREFIX_PATH}:/home/harshitkalra/ros2_ws/install/turtle_catch_them_all:/home/harshitkalra/ros2_ws/install/robot_controller:/home/harshitkalra/ros2_ws/install/my_py_pkg:/home/harshitkalra/ros2_multi_bot_ws/install/spawning:/opt/ros/humble /usr/bin/cmake --build /home/harshitkalra/autonoumous_pick-place_bot/build/robot_interfaces -- -j12 -l12
[0.375s] DEBUG:colcon.colcon_core.event_handler.log_command:Invoked command in '/home/harshitkalra/autonoumous_pick-place_bot/build/robot_description' returned '0': CMAKE_PREFIX_PATH=${CMAKE_PREFIX_PATH}:/home/harshitkalra/ros2_ws/install/turtle_catch_them_all:/home/harshitkalra/ros2_ws/install/robot_controller:/home/harshitkalra/ros2_ws/install/my_py_pkg:/home/harshitkalra/ros2_multi_bot_ws/install/spawning:/opt/ros/humble /usr/bin/cmake --build /home/harshitkalra/autonoumous_pick-place_bot/build/robot_description -- -j12 -l12
[0.385s] DEBUG:colcon.colcon_core.event_handler.log_command:Invoking command in '/home/harshitkalra/autonoumous_pick-place_bot/build/robot_description': CMAKE_PREFIX_PATH=${CMAKE_PREFIX_PATH}:/home/harshitkalra/ros2_ws/install/turtle_catch_them_all:/home/harshitkalra/ros2_ws/install/robot_controller:/home/harshitkalra/ros2_ws/install/my_py_pkg:/home/harshitkalra/ros2_multi_bot_ws/install/spawning:/opt/ros/humble /usr/bin/cmake --install /home/harshitkalra/autonoumous_pick-place_bot/build/robot_description
[0.385s] DEBUG:colcon.colcon_core.event_handler.log_command:Invoked command in '/home/harshitkalra/autonoumous_pick-place_bot/build/robot_interfaces' returned '0': CMAKE_PREFIX_PATH=${CMAKE_PREFIX_PATH}:/home/harshitkalra/ros2_ws/install/turtle_catch_them_all:/home/harshitkalra/ros2_ws/install/robot_controller:/home/harshitkalra/ros2_ws/install/my_py_pkg:/home/harshitkalra/ros2_multi_bot_ws/install/spawning:/opt/ros/humble /usr/bin/cmake --build /home/harshitkalra/autonoumous_pick-place_bot/build/robot_interfaces -- -j12 -l12
[0.387s] DEBUG:colcon.colcon_core.event_handler.log_command:Invoking command in '/home/harshitkalra/autonoumous_pick-place_bot/build/robot_interfaces': CMAKE_PREFIX_PATH=${CMAKE_PREFIX_PATH}:/home/harshitkalra/ros2_ws/install/turtle_catch_them_all:/home/harshitkalra/ros2_ws/install/robot_controller:/home/harshitkalra/ros2_ws/install/my_py_pkg:/home/harshitkalra/ros2_multi_bot_ws/install/spawning:/opt/ros/humble /usr/bin/cmake --install /home/harshitkalra/autonoumous_pick-place_bot/build/robot_interfaces
[0.393s] Level 1:colcon.colcon_core.environment:create_environment_scripts_only(robot_description)
[0.395s] DEBUG:colcon.colcon_core.event_handler.log_command:Invoked command in '/home/harshitkalra/autonoumous_pick-place_bot/build/robot_description' returned '0': CMAKE_PREFIX_PATH=${CMAKE_PREFIX_PATH}:/home/harshitkalra/ros2_ws/install/turtle_catch_them_all:/home/harshitkalra/ros2_ws/install/robot_controller:/home/harshitkalra/ros2_ws/install/my_py_pkg:/home/harshitkalra/ros2_multi_bot_ws/install/spawning:/opt/ros/humble /usr/bin/cmake --install /home/harshitkalra/autonoumous_pick-place_bot/build/robot_description
[0.397s] Level 1:colcon.colcon_core.environment:checking '/home/harshitkalra/autonoumous_pick-place_bot/install/robot_description' for CMake module files
[0.397s] Level 1:colcon.colcon_core.environment:checking '/home/harshitkalra/autonoumous_pick-place_bot/install/robot_description' for CMake config files
[0.397s] Level 1:colcon.colcon_core.shell:create_environment_hook('robot_description', 'cmake_prefix_path')
[0.397s] INFO:colcon.colcon_core.shell:Creating environment hook '/home/harshitkalra/autonoumous_pick-place_bot/install/robot_description/share/robot_description/hook/cmake_prefix_path.ps1'
[0.398s] INFO:colcon.colcon_core.shell:Creating environment descriptor '/home/harshitkalra/autonoumous_pick-place_bot/install/robot_description/share/robot_description/hook/cmake_prefix_path.dsv'
[0.398s] INFO:colcon.colcon_core.shell:Creating environment hook '/home/harshitkalra/autonoumous_pick-place_bot/install/robot_description/share/robot_description/hook/cmake_prefix_path.sh'
[0.399s] Level 1:colcon.colcon_core.environment:checking '/home/harshitkalra/autonoumous_pick-place_bot/install/robot_description/bin'
[0.399s] Level 1:colcon.colcon_core.environment:checking '/home/harshitkalra/autonoumous_pick-place_bot/install/robot_description/lib/pkgconfig/robot_description.pc'
[0.399s] Level 1:colcon.colcon_core.environment:checking '/home/harshitkalra/autonoumous_pick-place_bot/install/robot_description/lib/python3.10/site-packages'
[0.399s] Level 1:colcon.colcon_core.environment:checking '/home/harshitkalra/autonoumous_pick-place_bot/install/robot_description/bin'
[0.400s] INFO:colcon.colcon_core.shell:Creating package script '/home/harshitkalra/autonoumous_pick-place_bot/install/robot_description/share/robot_description/package.ps1'
[0.400s] INFO:colcon.colcon_core.shell:Creating package descriptor '/home/harshitkalra/autonoumous_pick-place_bot/install/robot_description/share/robot_description/package.dsv'
[0.401s] INFO:colcon.colcon_core.shell:Creating package script '/home/harshitkalra/autonoumous_pick-place_bot/install/robot_description/share/robot_description/package.sh'
[0.401s] INFO:colcon.colcon_core.shell:Creating package script '/home/harshitkalra/autonoumous_pick-place_bot/install/robot_description/share/robot_description/package.bash'
[0.401s] INFO:colcon.colcon_core.shell:Creating package script '/home/harshitkalra/autonoumous_pick-place_bot/install/robot_description/share/robot_description/package.zsh'
[0.402s] Level 1:colcon.colcon_core.environment:create_file_with_runtime_dependencies(/home/harshitkalra/autonoumous_pick-place_bot/install/robot_description/share/colcon-core/packages/robot_description)
[0.402s] Level 1:colcon.colcon_core.environment:create_environment_scripts_only(robot_description)
[0.402s] Level 1:colcon.colcon_core.environment:checking '/home/harshitkalra/autonoumous_pick-place_bot/install/robot_description' for CMake module files
[0.402s] Level 1:colcon.colcon_core.environment:checking '/home/harshitkalra/autonoumous_pick-place_bot/install/robot_description' for CMake config files
[0.402s] Level 1:colcon.colcon_core.shell:create_environment_hook('robot_description', 'cmake_prefix_path')
[0.402s] INFO:colcon.colcon_core.shell:Creating environment hook '/home/harshitkalra/autonoumous_pick-place_bot/install/robot_description/share/robot_description/hook/cmake_prefix_path.ps1'
[0.403s] INFO:colcon.colcon_core.shell:Creating environment descriptor '/home/harshitkalra/autonoumous_pick-place_bot/install/robot_description/share/robot_description/hook/cmake_prefix_path.dsv'
[0.403s] INFO:colcon.colcon_core.shell:Creating environment hook '/home/harshitkalra/autonoumous_pick-place_bot/install/robot_description/share/robot_description/hook/cmake_prefix_path.sh'
[0.403s] Level 1:colcon.colcon_core.environment:checking '/home/harshitkalra/autonoumous_pick-place_bot/install/robot_description/bin'
[0.403s] Level 1:colcon.colcon_core.environment:checking '/home/harshitkalra/autonoumous_pick-place_bot/install/robot_description/lib/pkgconfig/robot_description.pc'
[0.403s] Level 1:colcon.colcon_core.environment:checking '/home/harshitkalra/autonoumous_pick-place_bot/install/robot_description/lib/python3.10/site-packages'
[0.403s] Level 1:colcon.colcon_core.environment:checking '/home/harshitkalra/autonoumous_pick-place_bot/install/robot_description/bin'
[0.404s] INFO:colcon.colcon_core.shell:Creating package script '/home/harshitkalra/autonoumous_pick-place_bot/install/robot_description/share/robot_description/package.ps1'
[0.404s] INFO:colcon.colcon_core.shell:Creating package descriptor '/home/harshitkalra/autonoumous_pick-place_bot/install/robot_description/share/robot_description/package.dsv'
[0.404s] INFO:colcon.colcon_core.shell:Creating package script '/home/harshitkalra/autonoumous_pick-place_bot/install/robot_description/share/robot_description/package.sh'
[0.404s] INFO:colcon.colcon_core.shell:Creating package script '/home/harshitkalra/autonoumous_pick-place_bot/install/robot_description/share/robot_description/package.bash'
[0.405s] INFO:colcon.colcon_core.shell:Creating package script '/home/harshitkalra/autonoumous_pick-place_bot/install/robot_description/share/robot_description/package.zsh'
[0.405s] Level 1:colcon.colcon_core.environment:create_file_with_runtime_dependencies(/home/harshitkalra/autonoumous_pick-place_bot/install/robot_description/share/colcon-core/packages/robot_description)
[0.406s] Level 1:colcon.colcon_core.environment:create_environment_scripts_only(robot_interfaces)
[0.406s] Level 1:colcon.colcon_core.environment:checking '/home/harshitkalra/autonoumous_pick-place_bot/install/robot_interfaces' for CMake module files
[0.406s] DEBUG:colcon.colcon_core.event_handler.log_command:Invoked command in '/home/harshitkalra/autonoumous_pick-place_bot/build/robot_interfaces' returned '0': CMAKE_PREFIX_PATH=${CMAKE_PREFIX_PATH}:/home/harshitkalra/ros2_ws/install/turtle_catch_them_all:/home/harshitkalra/ros2_ws/install/robot_controller:/home/harshitkalra/ros2_ws/install/my_py_pkg:/home/harshitkalra/ros2_multi_bot_ws/install/spawning:/opt/ros/humble /usr/bin/cmake --install /home/harshitkalra/autonoumous_pick-place_bot/build/robot_interfaces
[0.407s] Level 1:colcon.colcon_core.environment:checking '/home/harshitkalra/autonoumous_pick-place_bot/install/robot_interfaces' for CMake config files
[0.407s] Level 1:colcon.colcon_core.shell:create_environment_hook('robot_interfaces', 'cmake_prefix_path')
[0.407s] INFO:colcon.colcon_core.shell:Creating environment hook '/home/harshitkalra/autonoumous_pick-place_bot/install/robot_interfaces/share/robot_interfaces/hook/cmake_prefix_path.ps1'
[0.408s] INFO:colcon.colcon_core.shell:Creating environment descriptor '/home/harshitkalra/autonoumous_pick-place_bot/install/robot_interfaces/share/robot_interfaces/hook/cmake_prefix_path.dsv'
[0.408s] INFO:colcon.colcon_core.shell:Creating environment hook '/home/harshitkalra/autonoumous_pick-place_bot/install/robot_interfaces/share/robot_interfaces/hook/cmake_prefix_path.sh'
[0.408s] Level 1:colcon.colcon_core.environment:checking '/home/harshitkalra/autonoumous_pick-place_bot/install/robot_interfaces/bin'
[0.408s] Level 1:colcon.colcon_core.environment:checking '/home/harshitkalra/autonoumous_pick-place_bot/install/robot_interfaces/lib/pkgconfig/robot_interfaces.pc'
[0.409s] Level 1:colcon.colcon_core.environment:checking '/home/harshitkalra/autonoumous_pick-place_bot/install/robot_interfaces/lib/python3.10/site-packages'
[0.409s] Level 1:colcon.colcon_core.environment:checking '/home/harshitkalra/autonoumous_pick-place_bot/install/robot_interfaces/bin'
[0.409s] INFO:colcon.colcon_core.shell:Creating package script '/home/harshitkalra/autonoumous_pick-place_bot/install/robot_interfaces/share/robot_interfaces/package.ps1'
[0.410s] INFO:colcon.colcon_core.shell:Creating package descriptor '/home/harshitkalra/autonoumous_pick-place_bot/install/robot_interfaces/share/robot_interfaces/package.dsv'
[0.410s] INFO:colcon.colcon_core.shell:Creating package script '/home/harshitkalra/autonoumous_pick-place_bot/install/robot_interfaces/share/robot_interfaces/package.sh'
[0.410s] INFO:colcon.colcon_core.shell:Creating package script '/home/harshitkalra/autonoumous_pick-place_bot/install/robot_interfaces/share/robot_interfaces/package.bash'
[0.411s] INFO:colcon.colcon_core.shell:Creating package script '/home/harshitkalra/autonoumous_pick-place_bot/install/robot_interfaces/share/robot_interfaces/package.zsh'
[0.411s] Level 1:colcon.colcon_core.environment:create_file_with_runtime_dependencies(/home/harshitkalra/autonoumous_pick-place_bot/install/robot_interfaces/share/colcon-core/packages/robot_interfaces)
[0.411s] Level 1:colcon.colcon_core.environment:create_environment_scripts_only(robot_interfaces)
[0.412s] Level 1:colcon.colcon_core.environment:checking '/home/harshitkalra/autonoumous_pick-place_bot/install/robot_interfaces' for CMake module files
[0.412s] Level 1:colcon.colcon_core.environment:checking '/home/harshitkalra/autonoumous_pick-place_bot/install/robot_interfaces' for CMake config files
[0.412s] Level 1:colcon.colcon_core.shell:create_environment_hook('robot_interfaces', 'cmake_prefix_path')
[0.412s] INFO:colcon.colcon_core.shell:Creating environment hook '/home/harshitkalra/autonoumous_pick-place_bot/install/robot_interfaces/share/robot_interfaces/hook/cmake_prefix_path.ps1'
[0.413s] INFO:colcon.colcon_core.shell:Creating environment descriptor '/home/harshitkalra/autonoumous_pick-place_bot/install/robot_interfaces/share/robot_interfaces/hook/cmake_prefix_path.dsv'
[0.413s] INFO:colcon.colcon_core.shell:Creating environment hook '/home/harshitkalra/autonoumous_pick-place_bot/install/robot_interfaces/share/robot_interfaces/hook/cmake_prefix_path.sh'
[0.413s] Level 1:colcon.colcon_core.environment:checking '/home/harshitkalra/autonoumous_pick-place_bot/install/robot_interfaces/bin'
[0.413s] Level 1:colcon.colcon_core.environment:checking '/home/harshitkalra/autonoumous_pick-place_bot/install/robot_interfaces/lib/pkgconfig/robot_interfaces.pc'
[0.413s] Level 1:colcon.colcon_core.environment:checking '/home/harshitkalra/autonoumous_pick-place_bot/install/robot_interfaces/lib/python3.10/site-packages'
[0.413s] Level 1:colcon.colcon_core.environment:checking '/home/harshitkalra/autonoumous_pick-place_bot/install/robot_interfaces/bin'
[0.413s] INFO:colcon.colcon_core.shell:Creating package script '/home/harshitkalra/autonoumous_pick-place_bot/install/robot_interfaces/share/robot_interfaces/package.ps1'
[0.414s] INFO:colcon.colcon_core.shell:Creating package descriptor '/home/harshitkalra/autonoumous_pick-place_bot/install/robot_interfaces/share/robot_interfaces/package.dsv'
[0.414s] INFO:colcon.colcon_core.shell:Creating package script '/home/harshitkalra/autonoumous_pick-place_bot/install/robot_interfaces/share/robot_interfaces/package.sh'
[0.414s] INFO:colcon.colcon_core.shell:Creating package script '/home/harshitkalra/autonoumous_pick-place_bot/install/robot_interfaces/share/robot_interfaces/package.bash'
[0.414s] INFO:colcon.colcon_core.shell:Creating package script '/home/harshitkalra/autonoumous_pick-place_bot/install/robot_interfaces/share/robot_interfaces/package.zsh'
[0.415s] Level 1:colcon.colcon_core.environment:create_file_with_runtime_dependencies(/home/harshitkalra/autonoumous_pick-place_bot/install/robot_interfaces/share/colcon-core/packages/robot_interfaces)
[0.548s] DEBUG:colcon.colcon_core.event_handler.log_command:Invoking command in '/home/harshitkalra/autonoumous_pick-place_bot/src/robot_controller': PYTHONPATH=/home/harshitkalra/autonoumous_pick-place_bot/build/robot_controller/prefix_override:/usr/lib/python3/dist-packages/colcon_core/task/python/colcon_distutils_commands:/home/harshitkalra/autonoumous_pick-place_bot/install/robot_controller/lib/python3.10/site-packages:${PYTHONPATH} /usr/bin/python3 -W ignore:setup.py install is deprecated -W ignore:easy_install command is deprecated setup.py egg_info --egg-base ../../build/robot_controller build --build-base /home/harshitkalra/autonoumous_pick-place_bot/build/robot_controller/build install --record /home/harshitkalra/autonoumous_pick-place_bot/build/robot_controller/install.log --single-version-externally-managed install_data
[0.705s] Level 1:colcon.colcon_core.environment:checking '/home/harshitkalra/autonoumous_pick-place_bot/install/robot_controller' for CMake module files
[0.705s] DEBUG:colcon.colcon_core.event_handler.log_command:Invoked command in '/home/harshitkalra/autonoumous_pick-place_bot/src/robot_controller' returned '0': PYTHONPATH=/home/harshitkalra/autonoumous_pick-place_bot/build/robot_controller/prefix_override:/usr/lib/python3/dist-packages/colcon_core/task/python/colcon_distutils_commands:/home/harshitkalra/autonoumous_pick-place_bot/install/robot_controller/lib/python3.10/site-packages:${PYTHONPATH} /usr/bin/python3 -W ignore:setup.py install is deprecated -W ignore:easy_install command is deprecated setup.py egg_info --egg-base ../../build/robot_controller build --build-base /home/harshitkalra/autonoumous_pick-place_bot/build/robot_controller/build install --record /home/harshitkalra/autonoumous_pick-place_bot/build/robot_controller/install.log --single-version-externally-managed install_data
[0.706s] Level 1:colcon.colcon_core.environment:checking '/home/harshitkalra/autonoumous_pick-place_bot/install/robot_controller' for CMake config files
[0.706s] Level 1:colcon.colcon_core.environment:checking '/home/harshitkalra/autonoumous_pick-place_bot/install/robot_controller/lib'
[0.706s] Level 1:colcon.colcon_core.environment:checking '/home/harshitkalra/autonoumous_pick-place_bot/install/robot_controller/bin'
[0.706s] Level 1:colcon.colcon_core.environment:checking '/home/harshitkalra/autonoumous_pick-place_bot/install/robot_controller/lib/pkgconfig/robot_controller.pc'
[0.706s] Level 1:colcon.colcon_core.environment:checking '/home/harshitkalra/autonoumous_pick-place_bot/install/robot_controller/lib/python3.10/site-packages'
[0.706s] Level 1:colcon.colcon_core.shell:create_environment_hook('robot_controller', 'pythonpath')
[0.706s] INFO:colcon.colcon_core.shell:Creating environment hook '/home/harshitkalra/autonoumous_pick-place_bot/install/robot_controller/share/robot_controller/hook/pythonpath.ps1'
[0.707s] INFO:colcon.colcon_core.shell:Creating environment descriptor '/home/harshitkalra/autonoumous_pick-place_bot/install/robot_controller/share/robot_controller/hook/pythonpath.dsv'
[0.707s] INFO:colcon.colcon_core.shell:Creating environment hook '/home/harshitkalra/autonoumous_pick-place_bot/install/robot_controller/share/robot_controller/hook/pythonpath.sh'
[0.707s] Level 1:colcon.colcon_core.environment:checking '/home/harshitkalra/autonoumous_pick-place_bot/install/robot_controller/bin'
[0.707s] Level 1:colcon.colcon_core.environment:create_environment_scripts_only(robot_controller)
[0.708s] INFO:colcon.colcon_core.shell:Creating package script '/home/harshitkalra/autonoumous_pick-place_bot/install/robot_controller/share/robot_controller/package.ps1'
[0.708s] INFO:colcon.colcon_core.shell:Creating package descriptor '/home/harshitkalra/autonoumous_pick-place_bot/install/robot_controller/share/robot_controller/package.dsv'
[0.708s] INFO:colcon.colcon_core.shell:Creating package script '/home/harshitkalra/autonoumous_pick-place_bot/install/robot_controller/share/robot_controller/package.sh'
[0.708s] INFO:colcon.colcon_core.shell:Creating package script '/home/harshitkalra/autonoumous_pick-place_bot/install/robot_controller/share/robot_controller/package.bash'
[0.708s] INFO:colcon.colcon_core.shell:Creating package script '/home/harshitkalra/autonoumous_pick-place_bot/install/robot_controller/share/robot_controller/package.zsh'
[0.708s] Level 1:colcon.colcon_core.environment:create_file_with_runtime_dependencies(/home/harshitkalra/autonoumous_pick-place_bot/install/robot_controller/share/colcon-core/packages/robot_controller)
[0.709s] DEBUG:colcon.colcon_parallel_executor.executor.parallel:closing loop
[0.709s] DEBUG:colcon.colcon_parallel_executor.executor.parallel:loop closed
[0.709s] DEBUG:colcon.colcon_parallel_executor.executor.parallel:run_until_complete finished with '0'
[0.709s] DEBUG:colcon.colcon_core.event_reactor:joining thread
[0.714s] INFO:colcon.colcon_core.plugin_system:Skipping extension 'colcon_notification.desktop_notification.terminal_notifier': Not used on non-Darwin systems
[0.714s] INFO:colcon.colcon_core.plugin_system:Skipping extension 'colcon_notification.desktop_notification.win32': Not used on non-Windows systems
[0.714s] INFO:colcon.colcon_notification.desktop_notification:Sending desktop notification using 'notify2'
[0.724s] DEBUG:colcon.colcon_core.event_reactor:joined thread
[0.724s] INFO:colcon.colcon_core.shell:Creating prefix script '/home/harshitkalra/autonoumous_pick-place_bot/install/local_setup.ps1'
[0.725s] INFO:colcon.colcon_core.shell:Creating prefix util module '/home/harshitkalra/autonoumous_pick-place_bot/install/_local_setup_util_ps1.py'
[0.726s] INFO:colcon.colcon_core.shell:Creating prefix chain script '/home/harshitkalra/autonoumous_pick-place_bot/install/setup.ps1'
[0.728s] INFO:colcon.colcon_core.shell:Creating prefix script '/home/harshitkalra/autonoumous_pick-place_bot/install/local_setup.sh'
[0.729s] INFO:colcon.colcon_core.shell:Creating prefix util module '/home/harshitkalra/autonoumous_pick-place_bot/install/_local_setup_util_sh.py'
[0.729s] INFO:colcon.colcon_core.shell:Creating prefix chain script '/home/harshitkalra/autonoumous_pick-place_bot/install/setup.sh'
[0.730s] INFO:colcon.colcon_core.shell:Creating prefix script '/home/harshitkalra/autonoumous_pick-place_bot/install/local_setup.bash'
[0.731s] INFO:colcon.colcon_core.shell:Creating prefix chain script '/home/harshitkalra/autonoumous_pick-place_bot/install/setup.bash'
[0.732s] INFO:colcon.colcon_core.shell:Creating prefix script '/home/harshitkalra/autonoumous_pick-place_bot/install/local_setup.zsh'
[0.732s] INFO:colcon.colcon_core.shell:Creating prefix chain script '/home/harshitkalra/autonoumous_pick-place_bot/install/setup.zsh'
